<?xml version="1.0" encoding="UTF-8"?>
<testsuites name="TestOpsIntegration" time="13.495" tests="1" failures="0" errors="0">
   <testsuite name="TestOpsIntegration" tests="1" failures="0" errors="0" time="13.495" skipped="0" timestamp="2024-04-07 21:55:58" hostname="ravik - 10.0.0.58" id="Test Suites/TestOpsIntegration">
      <properties>
         <property name="deviceName" value=""/>
         <property name="devicePlatform" value=""/>
         <property name="logFolder" value="C:\\Users\\ravik\\git\\KatalonCICD-Tutorial\\Reports\\20240407_215553\\TestOpsIntegration\\20240407_215553"/>
         <property name="logFiles" value="C:\\Users\\ravik\\git\\KatalonCICD-Tutorial\\Reports\\20240407_215553\\TestOpsIntegration\\20240407_215553\\execution0.log"/>
         <property name="attachments" value=""/>
         <property name="hostName" value="ravik - 10.0.0.58"/>
         <property name="os" value="Windows 10 64bit"/>
         <property name="katalonVersion" value="8.6.8.208"/>
         <property name="browser" value="Edge Chromium 123"/>
         <property name="hostAddress" value="10.0.0.58"/>
         <property name="sessionId" value="fad18764a8cd194ea7c820a6e850f62c"/>
         <property name="seleniumVersion" value="3.141.59"/>
         <property name="proxyInformation" value="ProxyInformation { proxyOption=NO_PROXY, proxyServerType=HTTP, username=, password=********, proxyServerAddress=, proxyServerPort=0, executionList=&quot;&quot;, isApplyToDesiredCapabilities=true }"/>
         <property name="platform" value="Windows 10"/>
      </properties>
      <testcase name="Test Cases/TestOpsIntegration/TestOpsTesting" time="13.058" classname="Test Cases/TestOpsIntegration/TestOpsTesting" status="PASSED">
         <system-out><![CDATA[2024-04-07 21:55:59 - [TEST_CASE][PASSED] - Test Cases/TestOpsIntegration/TestOpsTesting: Test Cases/TestOpsIntegration/TestOpsTesting

2024-04-07 21:55:59 - [TEST_STEP][PASSED] - openBrowser(""): Browser is opened with url: ''

2024-04-07 21:56:00 - [MESSAGE][INFO] - Starting 'Edge Chromium' driver

2024-04-07 21:56:00 - [MESSAGE][INFO] - Action delay is set to 0 milliseconds

2024-04-07 21:56:03 - [MESSAGE][PASSED] - Browser is opened with url: ''

2024-04-07 21:56:03 - [TEST_STEP][PASSED] - navigateToUrl("https://katalon-demo-cura.herokuapp.com/"): Navigate to 'https://katalon-demo-cura.herokuapp.com/' successfully

2024-04-07 21:56:04 - [MESSAGE][PASSED] - Navigate to 'https://katalon-demo-cura.herokuapp.com/' successfully

2024-04-07 21:56:04 - [TEST_STEP][PASSED] - click(findTestObject("Object Repository/TestOpsIntegration/Page_CURA Healthcare Service/a_Make Appointment")): Object: 'Object Repository/TestOpsIntegration/Page_CURA Healthcare Service/a_Make Appointment' is clicked on

2024-04-07 21:56:04 - [MESSAGE][PASSED] - Object: 'Object Repository/TestOpsIntegration/Page_CURA Healthcare Service/a_Make Appointment' is clicked on

2024-04-07 21:56:04 - [TEST_STEP][PASSED] - setText(findTestObject("Object Repository/TestOpsIntegration/Page_CURA Healthcare Service/input_Username_username"), "John Doe"): Text 'John Doe' is set on object 'Object Repository/TestOpsIntegration/Page_CURA Healthcare Service/input_Username_username'

2024-04-07 21:56:05 - [MESSAGE][PASSED] - Text 'John Doe' is set on object 'Object Repository/TestOpsIntegration/Page_CURA Healthcare Service/input_Username_username'

2024-04-07 21:56:05 - [TEST_STEP][PASSED] - setEncryptedText(findTestObject("Object Repository/TestOpsIntegration/Page_CURA Healthcare Service/input_Password_password"), "g3/DOGG74jC3Flrr3yH+3D/yKbOqqUNM"): Text ****** has been set on object 'Object Repository/TestOpsIntegration/Page_CURA Healthcare Service/input_Password_password'

2024-04-07 21:56:06 - [MESSAGE][PASSED] - Text ****** has been set on object 'Object Repository/TestOpsIntegration/Page_CURA Healthcare Service/input_Password_password'

2024-04-07 21:56:06 - [TEST_STEP][PASSED] - click(findTestObject("Object Repository/TestOpsIntegration/Page_CURA Healthcare Service/button_Login")): Object: 'Object Repository/TestOpsIntegration/Page_CURA Healthcare Service/button_Login' is clicked on

2024-04-07 21:56:07 - [MESSAGE][PASSED] - Object: 'Object Repository/TestOpsIntegration/Page_CURA Healthcare Service/button_Login' is clicked on

2024-04-07 21:56:07 - [TEST_STEP][PASSED] - click(findTestObject("Object Repository/TestOpsIntegration/Page_CURA Healthcare Service/input_Medicaid_programs")): Object: 'Object Repository/TestOpsIntegration/Page_CURA Healthcare Service/input_Medicaid_programs' is clicked on

2024-04-07 21:56:08 - [MESSAGE][PASSED] - Object: 'Object Repository/TestOpsIntegration/Page_CURA Healthcare Service/input_Medicaid_programs' is clicked on

2024-04-07 21:56:08 - [TEST_STEP][PASSED] - click(findTestObject("Object Repository/TestOpsIntegration/Page_CURA Healthcare Service/span_Visit Date (Required)_glyphicon glyphi_cada34")): Object: 'Object Repository/TestOpsIntegration/Page_CURA Healthcare Service/span_Visit Date (Required)_glyphicon glyphi_cada34' is clicked on

2024-04-07 21:56:08 - [MESSAGE][PASSED] - Object: 'Object Repository/TestOpsIntegration/Page_CURA Healthcare Service/span_Visit Date (Required)_glyphicon glyphi_cada34' is clicked on

2024-04-07 21:56:08 - [TEST_STEP][PASSED] - click(findTestObject("Object Repository/TestOpsIntegration/Page_CURA Healthcare Service/td_22")): Object: 'Object Repository/TestOpsIntegration/Page_CURA Healthcare Service/td_22' is clicked on

2024-04-07 21:56:09 - [MESSAGE][PASSED] - Object: 'Object Repository/TestOpsIntegration/Page_CURA Healthcare Service/td_22' is clicked on

2024-04-07 21:56:09 - [TEST_STEP][PASSED] - click(findTestObject("Object Repository/TestOpsIntegration/Page_CURA Healthcare Service/input_Visit Date (Required)_visit_date")): Object: 'Object Repository/TestOpsIntegration/Page_CURA Healthcare Service/input_Visit Date (Required)_visit_date' is clicked on

2024-04-07 21:56:09 - [MESSAGE][PASSED] - Object: 'Object Repository/TestOpsIntegration/Page_CURA Healthcare Service/input_Visit Date (Required)_visit_date' is clicked on

2024-04-07 21:56:09 - [TEST_STEP][PASSED] - setText(findTestObject("Object Repository/TestOpsIntegration/Page_CURA Healthcare Service/textarea_Comment_comment"), "Appointment"): Text 'Appointment' is set on object 'Object Repository/TestOpsIntegration/Page_CURA Healthcare Service/textarea_Comment_comment'

2024-04-07 21:56:10 - [MESSAGE][PASSED] - Text 'Appointment' is set on object 'Object Repository/TestOpsIntegration/Page_CURA Healthcare Service/textarea_Comment_comment'

2024-04-07 21:56:10 - [TEST_STEP][PASSED] - click(findTestObject("Object Repository/TestOpsIntegration/Page_CURA Healthcare Service/button_Book Appointment")): Object: 'Object Repository/TestOpsIntegration/Page_CURA Healthcare Service/button_Book Appointment' is clicked on

2024-04-07 21:56:11 - [MESSAGE][PASSED] - Object: 'Object Repository/TestOpsIntegration/Page_CURA Healthcare Service/button_Book Appointment' is clicked on

2024-04-07 21:56:11 - [TEST_STEP][PASSED] - closeBrowser(): Browser is closed

2024-04-07 21:56:12 - [MESSAGE][PASSED] - Browser is closed]]></system-out>
         <system-err><![CDATA[]]></system-err>
      </testcase>
      <system-out><![CDATA[2024-04-07 21:55:58 - [TEST_SUITE][PASSED] - TestOpsIntegration: Test Cases/TestOpsIntegration/TestOpsTesting]]></system-out>
      <system-err><![CDATA[]]></system-err>
   </testsuite>
</testsuites>
