<?xml version="1.0" encoding="UTF-8"?>
<testsuites name="TestOpsIntegration" time="46.761" tests="1" failures="0" errors="0">
   <testsuite name="TestOpsIntegration" tests="1" failures="0" errors="0" time="46.761" skipped="0" timestamp="2024-04-07 22:05:15" hostname="ravik - 10.0.0.58" id="Test Suites/TestOpsIntegration">
      <properties>
         <property name="deviceName"/>
         <property name="devicePlatform" value="WINDOWS"/>
         <property name="logFolder" value="C:\\Users\\ravik\\git\\KatalonCICD-Tutorial\\Reports\\20240407_220508\\TestOpsIntegration\\20240407_220509"/>
         <property name="logFiles" value="C:\\Users\\ravik\\git\\KatalonCICD-Tutorial\\Reports\\20240407_220508\\TestOpsIntegration\\20240407_220509\\execution0.log"/>
         <property name="attachments" value=""/>
         <property name="hostName" value="ravik - 10.0.0.58"/>
         <property name="remoteDriverUrl" value="testcloud.katalon.com/hub"/>
         <property name="desiredCapabilities" value="{
  &quot;timeouts&quot;: {
    &quot;implicit&quot;: 0,
    &quot;pageLoad&quot;: 300000,
    &quot;script&quot;: 30000
  },
  &quot;platform&quot;: &quot;WINDOWS&quot;,
  &quot;requestId&quot;: &quot;923b8d01-4959-4b13-8747-ea052f868043&quot;,
  &quot;webauthn:extension:credBlob&quot;: true,
  &quot;acceptInsecureCerts&quot;: false,
  &quot;browserVersion&quot;: &quot;Chromium&quot;,
  &quot;browserName&quot;: &quot;msedge&quot;,
  &quot;javascriptEnabled&quot;: true,
  &quot;katalon:option&quot;: {
    &quot;unlimitedExecutionMinutes&quot;: true,
    &quot;userId&quot;: 857126,
    &quot;organizationId&quot;: &quot;545736&quot;,
    &quot;class&quot;: &quot;com.katalon.testcloud.grid.common.tunnel.domain.UserOptionCapability&quot;,
    &quot;runFromTestCloud&quot;: true,
    &quot;usingTunnel&quot;: false
  },
  &quot;platformName&quot;: &quot;WINDOWS&quot;,
  &quot;ms:edgeOptions&quot;: {
    &quot;debuggerAddress&quot;: &quot;localhost:50289&quot;
  },
  &quot;setWindowRect&quot;: true,
  &quot;webauthn:extension:largeBlob&quot;: true,
  &quot;networkConnectionEnabled&quot;: false,
  &quot;os&quot;: &quot;windows&quot;,
  &quot;msedge&quot;: {
    &quot;msedgedriverVersion&quot;: &quot;114.0.1823.106 (d0dbf35ad0b6dd370a2be2ae32d9332666e551f7)&quot;,
    &quot;userDataDir&quot;: &quot;C:\\Windows\\SystemTemp\\scoped_dir3924_532048073&quot;
  },
  &quot;pageLoadStrategy&quot;: &quot;normal&quot;,
  &quot;unhandledPromptBehavior&quot;: &quot;dismiss and notify&quot;,
  &quot;strictFileInteractability&quot;: false,
  &quot;***:loadExtension&quot;: [
    &quot;https://prod-magicleap-user-files-us-east-1-v1.s3.amazonaws.com/extensions/orgId-691279/SmartWait.zip&quot;
  ],
  &quot;version&quot;: &quot;114&quot;,
  &quot;se:cdp&quot;: &quot;ws://172.48.53.51:4444/session/81846bfc5cb53247be6c0ac7f3a38146/se/cdp&quot;,
  &quot;proxy&quot;: {
    &quot;proxyType&quot;: &quot;UNSPECIFIED&quot;,
    &quot;autodetect&quot;: false
  },
  &quot;webauthn:extension:minPinLength&quot;: true,
  &quot;webauthn:extension:prf&quot;: true,
  &quot;webauthn:virtualAuthenticators&quot;: true
}"/>
         <property name="os" value="Windows 10 64bit"/>
         <property name="remoteOS" value="Windows"/>
         <property name="katalonVersion" value="8.6.8.208"/>
         <property name="browser" value="Edge Chromium 114"/>
         <property name="hostAddress" value="10.0.0.58"/>
         <property name="sessionId" value="81846bfc5cb53247be6c0ac7f3a38146"/>
         <property name="seleniumVersion" value="3.141.59"/>
         <property name="proxyInformation" value="ProxyInformation { proxyOption=NO_PROXY, proxyServerType=HTTP, username=, password=********, proxyServerAddress=, proxyServerPort=0, executionList=&quot;&quot;, isApplyToDesiredCapabilities=true }"/>
         <property name="platform" value="Windows 10"/>
      </properties>
      <testcase name="Test Cases/TestOpsIntegration/TestOpsTesting" time="46.319" classname="Test Cases/TestOpsIntegration/TestOpsTesting" status="PASSED">
         <system-out><![CDATA[2024-04-07 22:05:15 - [TEST_CASE][PASSED] - Test Cases/TestOpsIntegration/TestOpsTesting: Test Cases/TestOpsIntegration/TestOpsTesting

2024-04-07 22:05:16 - [TEST_STEP][PASSED] - openBrowser(""): Browser is opened with url: ''

2024-04-07 22:05:16 - [MESSAGE][INFO] - User set preference: ['os', 'windows']

2024-04-07 22:05:16 - [MESSAGE][INFO] - User set preference: ['browserName', 'msedge']

2024-04-07 22:05:16 - [MESSAGE][INFO] - User set preference: ['browserVersion', '114']

2024-04-07 22:05:16 - [MESSAGE][INFO] - User set preference: ['katalon:option', '{organizationId=545736, tunnelId=, usingTunnel=false}']

2024-04-07 22:05:16 - [MESSAGE][INFO] - Connecting to remote web server 'testcloud.katalon.com/hub' with type 'Selenium'

2024-04-07 22:05:17 - [MESSAGE][INFO] - Action delay is set to 0 milliseconds

2024-04-07 22:05:40 - [MESSAGE][PASSED] - Browser is opened with url: ''

2024-04-07 22:05:40 - [TEST_STEP][PASSED] - navigateToUrl("https://katalon-demo-cura.herokuapp.com/"): Navigate to 'https://katalon-demo-cura.herokuapp.com/' successfully

2024-04-07 22:05:41 - [MESSAGE][PASSED] - Navigate to 'https://katalon-demo-cura.herokuapp.com/' successfully

2024-04-07 22:05:41 - [TEST_STEP][PASSED] - click(findTestObject("Object Repository/TestOpsIntegration/Page_CURA Healthcare Service/a_Make Appointment")): Object: 'Object Repository/TestOpsIntegration/Page_CURA Healthcare Service/a_Make Appointment' is clicked on

2024-04-07 22:05:43 - [MESSAGE][PASSED] - Object: 'Object Repository/TestOpsIntegration/Page_CURA Healthcare Service/a_Make Appointment' is clicked on

2024-04-07 22:05:43 - [TEST_STEP][PASSED] - setText(findTestObject("Object Repository/TestOpsIntegration/Page_CURA Healthcare Service/input_Username_username"), "John Doe"): Text 'John Doe' is set on object 'Object Repository/TestOpsIntegration/Page_CURA Healthcare Service/input_Username_username'

2024-04-07 22:05:46 - [MESSAGE][PASSED] - Text 'John Doe' is set on object 'Object Repository/TestOpsIntegration/Page_CURA Healthcare Service/input_Username_username'

2024-04-07 22:05:46 - [TEST_STEP][PASSED] - setEncryptedText(findTestObject("Object Repository/TestOpsIntegration/Page_CURA Healthcare Service/input_Password_password"), "g3/DOGG74jC3Flrr3yH+3D/yKbOqqUNM"): Text ****** has been set on object 'Object Repository/TestOpsIntegration/Page_CURA Healthcare Service/input_Password_password'

2024-04-07 22:05:48 - [MESSAGE][PASSED] - Text ****** has been set on object 'Object Repository/TestOpsIntegration/Page_CURA Healthcare Service/input_Password_password'

2024-04-07 22:05:48 - [TEST_STEP][PASSED] - click(findTestObject("Object Repository/TestOpsIntegration/Page_CURA Healthcare Service/button_Login")): Object: 'Object Repository/TestOpsIntegration/Page_CURA Healthcare Service/button_Login' is clicked on

2024-04-07 22:05:50 - [MESSAGE][PASSED] - Object: 'Object Repository/TestOpsIntegration/Page_CURA Healthcare Service/button_Login' is clicked on

2024-04-07 22:05:50 - [TEST_STEP][PASSED] - click(findTestObject("Object Repository/TestOpsIntegration/Page_CURA Healthcare Service/input_Medicaid_programs")): Object: 'Object Repository/TestOpsIntegration/Page_CURA Healthcare Service/input_Medicaid_programs' is clicked on

2024-04-07 22:05:51 - [MESSAGE][PASSED] - Object: 'Object Repository/TestOpsIntegration/Page_CURA Healthcare Service/input_Medicaid_programs' is clicked on

2024-04-07 22:05:51 - [TEST_STEP][PASSED] - click(findTestObject("Object Repository/TestOpsIntegration/Page_CURA Healthcare Service/span_Visit Date (Required)_glyphicon glyphi_cada34")): Object: 'Object Repository/TestOpsIntegration/Page_CURA Healthcare Service/span_Visit Date (Required)_glyphicon glyphi_cada34' is clicked on

2024-04-07 22:05:53 - [MESSAGE][PASSED] - Object: 'Object Repository/TestOpsIntegration/Page_CURA Healthcare Service/span_Visit Date (Required)_glyphicon glyphi_cada34' is clicked on

2024-04-07 22:05:53 - [TEST_STEP][PASSED] - click(findTestObject("Object Repository/TestOpsIntegration/Page_CURA Healthcare Service/td_22")): Object: 'Object Repository/TestOpsIntegration/Page_CURA Healthcare Service/td_22' is clicked on

2024-04-07 22:05:54 - [MESSAGE][PASSED] - Object: 'Object Repository/TestOpsIntegration/Page_CURA Healthcare Service/td_22' is clicked on

2024-04-07 22:05:54 - [TEST_STEP][PASSED] - click(findTestObject("Object Repository/TestOpsIntegration/Page_CURA Healthcare Service/input_Visit Date (Required)_visit_date")): Object: 'Object Repository/TestOpsIntegration/Page_CURA Healthcare Service/input_Visit Date (Required)_visit_date' is clicked on

2024-04-07 22:05:55 - [MESSAGE][PASSED] - Object: 'Object Repository/TestOpsIntegration/Page_CURA Healthcare Service/input_Visit Date (Required)_visit_date' is clicked on

2024-04-07 22:05:55 - [TEST_STEP][PASSED] - setText(findTestObject("Object Repository/TestOpsIntegration/Page_CURA Healthcare Service/textarea_Comment_comment"), "Appointment"): Text 'Appointment' is set on object 'Object Repository/TestOpsIntegration/Page_CURA Healthcare Service/textarea_Comment_comment'

2024-04-07 22:05:58 - [MESSAGE][PASSED] - Text 'Appointment' is set on object 'Object Repository/TestOpsIntegration/Page_CURA Healthcare Service/textarea_Comment_comment'

2024-04-07 22:05:58 - [TEST_STEP][PASSED] - click(findTestObject("Object Repository/TestOpsIntegration/Page_CURA Healthcare Service/button_Book Appointment")): Object: 'Object Repository/TestOpsIntegration/Page_CURA Healthcare Service/button_Book Appointment' is clicked on

2024-04-07 22:06:00 - [MESSAGE][PASSED] - Object: 'Object Repository/TestOpsIntegration/Page_CURA Healthcare Service/button_Book Appointment' is clicked on

2024-04-07 22:06:00 - [TEST_STEP][PASSED] - closeBrowser(): Browser is closed

2024-04-07 22:06:01 - [MESSAGE][PASSED] - Browser is closed]]></system-out>
         <system-err><![CDATA[]]></system-err>
      </testcase>
      <system-out><![CDATA[2024-04-07 22:05:15 - [TEST_SUITE][PASSED] - TestOpsIntegration: Test Cases/TestOpsIntegration/TestOpsTesting]]></system-out>
      <system-err><![CDATA[]]></system-err>
   </testsuite>
</testsuites>
